ERROR:app:خطأ في تحميل البيانات: [Errno 2] No such file or directory: '/home/mohamedsvu/loan_approval_system/loan_prediction.csv'
ERROR:root:Error running WSGI application
ERROR:root:FileNotFoundError: [Errno 2] No such file or directory: '/home/mohamedsvu/loan_approval_system/loan_prediction.csv'
ERROR:root:  File "/var/www/mohamedsvu_pythonanywhere_com_wsgi.py", line 6, in <module>
ERROR:root:    from app import app as application
ERROR:root:
ERROR:root:  File "/home/mohamedsvu/loan_approval_system/app.py", line 47, in <module>
ERROR:root:    raise e
ERROR:root:
ERROR:root:  File "/home/mohamedsvu/loan_approval_system/app.py", line 41, in <module>
ERROR:root:    data = load_data()
ERROR:root:
ERROR:root:  File "/home/mohamedsvu/loan_approval_system/app.py", line 23, in load_data
ERROR:root:    return pd.read_csv(data_path)
ERROR:root:           ~~~~~~~~~~~^^^^^^^^^^^
ERROR:root:
ERROR:root:  File "/usr/local/lib/python3.13/site-packages/pandas/io/parsers/readers.py", line 1026, in read_csv
ERROR:root:    return _read(filepath_or_buffer, kwds)
ERROR:root:
ERROR:root:  File "/usr/local/lib/python3.13/site-packages/pandas/io/parsers/readers.py", line 620, in _read
ERROR:root:    parser = TextFileReader(filepath_or_buffer, **kwds)
ERROR:root:
ERROR:root:  File "/usr/local/lib/python3.13/site-packages/pandas/io/parsers/readers.py", line 1620, in __init__
ERROR:root:    self._engine = self._make_engine(f, self.engine)
ERROR:root:                   ~~~~~~~~~~~~~~~~~^^^^^^^^^^^^^^^^
ERROR:root:
ERROR:root:  File "/usr/local/lib/python3.13/site-packages/pandas/io/parsers/readers.py", line 1880, in _make_engine
ERROR:root:    self.handles = get_handle(
ERROR:root:                   ~~~~~~~~~~^
ERROR:root:        f,
ERROR:root:        ^^
ERROR:root:    ...<6 lines>...
ERROR:root:        storage_options=self.options.get("storage_options", None),
ERROR:root:        ^^^^^^^^^^^^^^^^^^^^^^^^^^^^^^^^^^^^^^^^^^^^^^^^^^^^^^^^^^
ERROR:root:    )
ERROR:root:    ^
ERROR:root:
ERROR:root:  File "/usr/local/lib/python3.13/site-packages/pandas/io/common.py", line 873, in get_handle
ERROR:root:    handle = open(
ERROR:root:        handle,
ERROR:root:    ...<3 lines>...
ERROR:root:        newline="",
ERROR:root:    )
ERROR:root:***************************************************
ERROR:root:If you're seeing an import error and don't know why,
ERROR:root:we have a dedicated help page to help you debug: 
ERROR:root:https://help.pythonanywhere.com/pages/DebuggingImportError/
ERROR:root:***************************************************
ERROR:root:Error running WSGI application
ERROR:root:FileNotFoundError: [Errno 2] No such file or directory: '/home/mohamedsvu/loan_approval_system/loan_prediction.csv'
ERROR:root:  File "/var/www/mohamedsvu_pythonanywhere_com_wsgi.py", line 6, in <module>
ERROR:root:    from app import app as application
ERROR:root:
ERROR:root:  File "/home/mohamedsvu/loan_approval_system/app.py", line 47, in <module>
ERROR:root:    raise e
ERROR:root:
ERROR:root:  File "/home/mohamedsvu/loan_approval_system/app.py", line 41, in <module>
ERROR:root:    data = load_data()
ERROR:root:
ERROR:root:  File "/home/mohamedsvu/loan_approval_system/app.py", line 23, in load_data
ERROR:root:    return pd.read_csv(data_path)
ERROR:root:           ~~~~~~~~~~~^^^^^^^^^^^
ERROR:root:
ERROR:root:  File "/usr/local/lib/python3.13/site-packages/pandas/io/parsers/readers.py", line 1026, in read_csv
ERROR:root:    return _read(filepath_or_buffer, kwds)
ERROR:root:
ERROR:root:  File "/usr/local/lib/python3.13/site-packages/pandas/io/parsers/readers.py", line 620, in _read
ERROR:root:    parser = TextFileReader(filepath_or_buffer, **kwds)
ERROR:root:
ERROR:root:  File "/usr/local/lib/python3.13/site-packages/pandas/io/parsers/readers.py", line 1620, in __init__
ERROR:root:    self._engine = self._make_engine(f, self.engine)
ERROR:root:                   ~~~~~~~~~~~~~~~~~^^^^^^^^^^^^^^^^
ERROR:root:
ERROR:root:  File "/usr/local/lib/python3.13/site-packages/pandas/io/parsers/readers.py", line 1880, in _make_engine
ERROR:root:    self.handles = get_handle(
ERROR:root:                   ~~~~~~~~~~^
ERROR:root:        f,
ERROR:root:        ^^
ERROR:root:    ...<6 lines>...
ERROR:root:        storage_options=self.options.get("storage_options", None),
ERROR:root:        ^^^^^^^^^^^^^^^^^^^^^^^^^^^^^^^^^^^^^^^^^^^^^^^^^^^^^^^^^^
ERROR:root:    )
ERROR:root:    ^
ERROR:root:
ERROR:root:  File "/usr/local/lib/python3.13/site-packages/pandas/io/common.py", line 873, in get_handle
ERROR:root:    handle = open(
ERROR:root:        handle,
ERROR:root:    ...<3 lines>...
ERROR:root:        newline="",
ERROR:root:    )
ERROR:root:***************************************************
ERROR:root:If you're seeing an import error and don't know why,
ERROR:root:we have a dedicated help page to help you debug: 
ERROR:root:https://help.pythonanywhere.com/pages/DebuggingImportError/
ERROR:root:***************************************************
ERROR:root:Error running WSGI application
ERROR:root:FileNotFoundError: [Errno 2] No such file or directory: '/home/mohamedsvu/loan_approval_system/loan_prediction.csv'
ERROR:root:  File "/var/www/mohamedsvu_pythonanywhere_com_wsgi.py", line 6, in <module>
ERROR:root:    from app import app as application
ERROR:root:
ERROR:root:  File "/home/mohamedsvu/loan_approval_system/app.py", line 47, in <module>
ERROR:root:    raise e
ERROR:root:
ERROR:root:  File "/home/mohamedsvu/loan_approval_system/app.py", line 41, in <module>
ERROR:root:    data = load_data()
ERROR:root:
ERROR:root:  File "/home/mohamedsvu/loan_approval_system/app.py", line 23, in load_data
ERROR:root:    return pd.read_csv(data_path)
ERROR:root:           ~~~~~~~~~~~^^^^^^^^^^^
ERROR:root:
ERROR:root:  File "/usr/local/lib/python3.13/site-packages/pandas/io/parsers/readers.py", line 1026, in read_csv
ERROR:root:    return _read(filepath_or_buffer, kwds)
ERROR:root:
ERROR:root:  File "/usr/local/lib/python3.13/site-packages/pandas/io/parsers/readers.py", line 620, in _read
ERROR:root:    parser = TextFileReader(filepath_or_buffer, **kwds)
ERROR:root:
ERROR:root:  File "/usr/local/lib/python3.13/site-packages/pandas/io/parsers/readers.py", line 1620, in __init__
ERROR:root:    self._engine = self._make_engine(f, self.engine)
ERROR:root:                   ~~~~~~~~~~~~~~~~~^^^^^^^^^^^^^^^^
ERROR:root:
ERROR:root:  File "/usr/local/lib/python3.13/site-packages/pandas/io/parsers/readers.py", line 1880, in _make_engine
ERROR:root:    self.handles = get_handle(
ERROR:root:                   ~~~~~~~~~~^
ERROR:root:        f,
ERROR:root:        ^^
ERROR:root:    ...<6 lines>...
ERROR:root:        storage_options=self.options.get("storage_options", None),
ERROR:root:        ^^^^^^^^^^^^^^^^^^^^^^^^^^^^^^^^^^^^^^^^^^^^^^^^^^^^^^^^^^
ERROR:root:    )
ERROR:root:    ^
ERROR:root:
ERROR:root:  File "/usr/local/lib/python3.13/site-packages/pandas/io/common.py", line 873, in get_handle
ERROR:root:    handle = open(
ERROR:root:        handle,
ERROR:root:    ...<3 lines>...
ERROR:root:        newline="",
ERROR:root:    )
ERROR:root:***************************************************
ERROR:root:If you're seeing an import error and don't know why,
ERROR:root:we have a dedicated help page to help you debug: 
ERROR:root:https://help.pythonanywhere.com/pages/DebuggingImportError/
ERROR:root:***************************************************
ERROR:app:خطأ في تحميل البيانات: [Errno 2] No such file or directory: '/home/mohamedsvu/loan_approval_system/loan_prediction.csv'
ERROR:root:Error running WSGI application
ERROR:root:FileNotFoundError: [Errno 2] No such file or directory: '/home/mohamedsvu/loan_approval_system/loan_prediction.csv'
ERROR:root:  File "/var/www/mohamedsvu_pythonanywhere_com_wsgi.py", line 6, in <module>
ERROR:root:    from app import app as application
ERROR:root:
ERROR:root:  File "/home/mohamedsvu/loan_approval_system/app.py", line 47, in <module>
ERROR:root:    raise e
ERROR:root:
ERROR:root:  File "/home/mohamedsvu/loan_approval_system/app.py", line 41, in <module>
ERROR:root:    data = load_data()
ERROR:root:
ERROR:root:  File "/home/mohamedsvu/loan_approval_system/app.py", line 23, in load_data
ERROR:root:    return pd.read_csv(data_path)
ERROR:root:           ~~~~~~~~~~~^^^^^^^^^^^
ERROR:root:
ERROR:root:  File "/usr/local/lib/python3.13/site-packages/pandas/io/parsers/readers.py", line 1026, in read_csv
ERROR:root:    return _read(filepath_or_buffer, kwds)
ERROR:root:
ERROR:root:  File "/usr/local/lib/python3.13/site-packages/pandas/io/parsers/readers.py", line 620, in _read
ERROR:root:    parser = TextFileReader(filepath_or_buffer, **kwds)
ERROR:root:
ERROR:root:  File "/usr/local/lib/python3.13/site-packages/pandas/io/parsers/readers.py", line 1620, in __init__
ERROR:root:    self._engine = self._make_engine(f, self.engine)
ERROR:root:                   ~~~~~~~~~~~~~~~~~^^^^^^^^^^^^^^^^
ERROR:root:
ERROR:root:  File "/usr/local/lib/python3.13/site-packages/pandas/io/parsers/readers.py", line 1880, in _make_engine
ERROR:root:    self.handles = get_handle(
ERROR:root:                   ~~~~~~~~~~^
ERROR:root:        f,
ERROR:root:        ^^
ERROR:root:    ...<6 lines>...
ERROR:root:        storage_options=self.options.get("storage_options", None),
ERROR:root:        ^^^^^^^^^^^^^^^^^^^^^^^^^^^^^^^^^^^^^^^^^^^^^^^^^^^^^^^^^^
ERROR:root:    )
ERROR:root:    ^
ERROR:root:
ERROR:root:  File "/usr/local/lib/python3.13/site-packages/pandas/io/common.py", line 873, in get_handle
ERROR:root:    handle = open(
ERROR:root:        handle,
ERROR:root:    ...<3 lines>...
ERROR:root:        newline="",
ERROR:root:    )
ERROR:root:***************************************************
ERROR:root:If you're seeing an import error and don't know why,
ERROR:root:we have a dedicated help page to help you debug: 
ERROR:root:https://help.pythonanywhere.com/pages/DebuggingImportError/
ERROR:root:***************************************************
ERROR:app:خطأ في تحميل البيانات: [Errno 2] No such file or directory: '/home/mohamedsvu/loan_approval_system/loan_prediction.csv'
ERROR:root:Error running WSGI application
ERROR:root:FileNotFoundError: [Errno 2] No such file or directory: '/home/mohamedsvu/loan_approval_system/loan_prediction.csv'
ERROR:root:  File "/var/www/mohamedsvu_pythonanywhere_com_wsgi.py", line 6, in <module>
ERROR:root:    from app import app as application
ERROR:root:
ERROR:root:  File "/home/mohamedsvu/loan_approval_system/app.py", line 47, in <module>
ERROR:root:    raise e
ERROR:root:
ERROR:root:  File "/home/mohamedsvu/loan_approval_system/app.py", line 41, in <module>
ERROR:root:    data = load_data()
ERROR:root:
ERROR:root:  File "/home/mohamedsvu/loan_approval_system/app.py", line 23, in load_data
ERROR:root:    return pd.read_csv(data_path)
ERROR:root:           ~~~~~~~~~~~^^^^^^^^^^^
ERROR:root:
ERROR:root:  File "/usr/local/lib/python3.13/site-packages/pandas/io/parsers/readers.py", line 1026, in read_csv
ERROR:root:    return _read(filepath_or_buffer, kwds)
ERROR:root:
ERROR:root:  File "/usr/local/lib/python3.13/site-packages/pandas/io/parsers/readers.py", line 620, in _read
ERROR:root:    parser = TextFileReader(filepath_or_buffer, **kwds)
ERROR:root:
ERROR:root:  File "/usr/local/lib/python3.13/site-packages/pandas/io/parsers/readers.py", line 1620, in __init__
ERROR:root:    self._engine = self._make_engine(f, self.engine)
ERROR:root:                   ~~~~~~~~~~~~~~~~~^^^^^^^^^^^^^^^^
ERROR:root:
ERROR:root:  File "/usr/local/lib/python3.13/site-packages/pandas/io/parsers/readers.py", line 1880, in _make_engine
ERROR:root:    self.handles = get_handle(
ERROR:root:                   ~~~~~~~~~~^
ERROR:root:        f,
ERROR:root:        ^^
ERROR:root:    ...<6 lines>...
ERROR:root:        storage_options=self.options.get("storage_options", None),
ERROR:root:        ^^^^^^^^^^^^^^^^^^^^^^^^^^^^^^^^^^^^^^^^^^^^^^^^^^^^^^^^^^
ERROR:root:    )
ERROR:root:    ^
ERROR:root:
ERROR:root:  File "/usr/local/lib/python3.13/site-packages/pandas/io/common.py", line 873, in get_handle
ERROR:root:    handle = open(
ERROR:root:        handle,
ERROR:root:    ...<3 lines>...
ERROR:root:        newline="",
ERROR:root:    )
ERROR:root:***************************************************
ERROR:root:If you're seeing an import error and don't know why,
ERROR:root:we have a dedicated help page to help you debug: 
ERROR:root:https://help.pythonanywhere.com/pages/DebuggingImportError/
ERROR:root:***************************************************
ERROR:root:Error running WSGI application
ERROR:root:FileNotFoundError: [Errno 2] No such file or directory: '/home/mohamedsvu/loan_approval_system/loan_prediction.csv'
ERROR:root:  File "/var/www/mohamedsvu_pythonanywhere_com_wsgi.py", line 6, in <module>
ERROR:root:    from app import app as application
ERROR:root:
ERROR:root:  File "/home/mohamedsvu/loan_approval_system/app.py", line 47, in <module>
ERROR:root:    raise e
ERROR:root:
ERROR:root:  File "/home/mohamedsvu/loan_approval_system/app.py", line 41, in <module>
ERROR:root:    data = load_data()
ERROR:root:
ERROR:root:  File "/home/mohamedsvu/loan_approval_system/app.py", line 23, in load_data
ERROR:root:    return pd.read_csv(data_path)
ERROR:root:           ~~~~~~~~~~~^^^^^^^^^^^
ERROR:root:
ERROR:root:  File "/usr/local/lib/python3.13/site-packages/pandas/io/parsers/readers.py", line 1026, in read_csv
ERROR:root:    return _read(filepath_or_buffer, kwds)
ERROR:root:
ERROR:root:  File "/usr/local/lib/python3.13/site-packages/pandas/io/parsers/readers.py", line 620, in _read
ERROR:root:    parser = TextFileReader(filepath_or_buffer, **kwds)
ERROR:root:
ERROR:root:  File "/usr/local/lib/python3.13/site-packages/pandas/io/parsers/readers.py", line 1620, in __init__
ERROR:root:    self._engine = self._make_engine(f, self.engine)
ERROR:root:                   ~~~~~~~~~~~~~~~~~^^^^^^^^^^^^^^^^
ERROR:root:
ERROR:root:  File "/usr/local/lib/python3.13/site-packages/pandas/io/parsers/readers.py", line 1880, in _make_engine
ERROR:root:    self.handles = get_handle(
ERROR:root:                   ~~~~~~~~~~^
ERROR:root:        f,
ERROR:root:        ^^
ERROR:root:    ...<6 lines>...
ERROR:root:        storage_options=self.options.get("storage_options", None),
ERROR:root:        ^^^^^^^^^^^^^^^^^^^^^^^^^^^^^^^^^^^^^^^^^^^^^^^^^^^^^^^^^^
ERROR:root:    )
ERROR:root:    ^
ERROR:root:
ERROR:root:  File "/usr/local/lib/python3.13/site-packages/pandas/io/common.py", line 873, in get_handle
ERROR:root:    handle = open(
ERROR:root:        handle,
ERROR:root:    ...<3 lines>...
ERROR:root:        newline="",
ERROR:root:    )
ERROR:root:***************************************************
ERROR:root:If you're seeing an import error and don't know why,
ERROR:root:we have a dedicated help page to help you debug: 
ERROR:root:https://help.pythonanywhere.com/pages/DebuggingImportError/
ERROR:root:***************************************************
INFO:app:تم تحميل البيانات والنموذج بنجاح
INFO:app:تم تحميل البيانات والنموذج بنجاح
INFO:app:تم تحميل البيانات والنموذج بنجاح
INFO:app:تم تحميل البيانات والنموذج بنجاح
INFO:app:تم تحميل البيانات والنموذج بنجاح
